

Microchip Technology PIC LITE Macro Assembler V1.35 build -356382666 
                                                                                               Tue Feb 14 13:33:14 2017

Microchip Technology Omniscient Code Generator v1.35 (Free mode) build 201507080246
     1                           	processor	16F877A
     2                           	opt	pw 120
     3                           	opt	lm
     4                           	psect	nvCOMMON,global,class=COMMON,space=1,delta=1
     5                           	psect	cinit,global,class=CODE,merge=1,delta=2
     6                           	psect	cstackCOMMON,global,class=COMMON,space=1,delta=1
     7                           	psect	maintext,global,class=CODE,split=1,delta=2
     8                           	psect	text1,local,class=CODE,merge=1,delta=2
     9                           	psect	text2,local,class=CODE,merge=1,delta=2
    10                           	psect	text3,local,class=CODE,merge=1,delta=2
    11                           	dabs	1,0x7E,2
    12  0000                     	;# 
    13  0001                     	;# 
    14  0002                     	;# 
    15  0003                     	;# 
    16  0004                     	;# 
    17  0005                     	;# 
    18  0006                     	;# 
    19  0007                     	;# 
    20  0008                     	;# 
    21  0009                     	;# 
    22  000A                     	;# 
    23  000B                     	;# 
    24  000C                     	;# 
    25  000D                     	;# 
    26  000E                     	;# 
    27  000E                     	;# 
    28  000F                     	;# 
    29  0010                     	;# 
    30  0011                     	;# 
    31  0012                     	;# 
    32  0013                     	;# 
    33  0014                     	;# 
    34  0015                     	;# 
    35  0015                     	;# 
    36  0016                     	;# 
    37  0017                     	;# 
    38  0018                     	;# 
    39  0019                     	;# 
    40  001A                     	;# 
    41  001B                     	;# 
    42  001B                     	;# 
    43  001C                     	;# 
    44  001D                     	;# 
    45  001E                     	;# 
    46  001F                     	;# 
    47  0081                     	;# 
    48  0085                     	;# 
    49  0086                     	;# 
    50  0087                     	;# 
    51  0088                     	;# 
    52  0089                     	;# 
    53  008C                     	;# 
    54  008D                     	;# 
    55  008E                     	;# 
    56  0091                     	;# 
    57  0092                     	;# 
    58  0093                     	;# 
    59  0094                     	;# 
    60  0098                     	;# 
    61  0099                     	;# 
    62  009C                     	;# 
    63  009D                     	;# 
    64  009E                     	;# 
    65  009F                     	;# 
    66  010C                     	;# 
    67  010D                     	;# 
    68  010E                     	;# 
    69  010F                     	;# 
    70  018C                     	;# 
    71  018D                     	;# 
    72                           
    73                           	psect	nvCOMMON
    74  0072                     __pnvCOMMON:	
    75  0072                     _count:	
    76  0072                     	ds	1
    77  000E                     _TMR1	set	14
    78  001A                     _RCREG	set	26
    79  000E                     _TMR1L	set	14
    80  0019                     _TXREG	set	25
    81  00C4                     _CREN	set	196
    82  0065                     _RCIF	set	101
    83  00C6                     _RX9	set	198
    84  00C7                     _SPEN	set	199
    85  0083                     _T1OSCEN	set	131
    86  0081                     _TMR1CS	set	129
    87  0080                     _TMR1ON	set	128
    88  0064                     _TXIF	set	100
    89  0099                     _SPBRG	set	153
    90  04C2                     _BRGH	set	1218
    91  04C4                     _SYNC	set	1220
    92  0438                     _TRISC0	set	1080
    93  0439                     _TRISC1	set	1081
    94  043E                     _TRISC6	set	1086
    95  043F                     _TRISC7	set	1087
    96  04C6                     _TX9	set	1222
    97  04C5                     _TXEN	set	1221
    98                           
    99                           ; #config settings
   100  0000                     
   101                           	psect	cinit
   102  07FC                     start_initialization:	
   103  07FC                     __initialization:	
   104  07FC                     end_of_initialization:	
   105                           ;End of C runtime variable initialization code
   106                           
   107  07FC                     __end_of__initialization:	
   108  07FC  0183               	clrf	3
   109  07FD  120A  118A  2FE1   	ljmp	_main	;jump to C main() function
   110                           
   111                           	psect	cstackCOMMON
   112  0070                     __pcstackCOMMON:	
   113  0070                     ?_inilizeCounter:	
   114  0070                     ??_inilizeCounter:	
   115                           ; 0 bytes @ 0x0
   116                           
   117  0070                     ?_inilizeTransmit:	
   118                           ; 0 bytes @ 0x0
   119                           
   120  0070                     ??_inilizeTransmit:	
   121                           ; 0 bytes @ 0x0
   122                           
   123  0070                     ?_transmit:	
   124                           ; 0 bytes @ 0x0
   125                           
   126  0070                     ??_transmit:	
   127                           ; 0 bytes @ 0x0
   128                           
   129  0070                     ?_main:	
   130                           ; 0 bytes @ 0x0
   131                           
   132  0070                     transmit@value:	
   133                           ; 0 bytes @ 0x0
   134                           
   135                           
   136                           ; 1 bytes @ 0x0
   137  0070                     	ds	1
   138  0071                     ??_main:	
   139                           
   140                           ; 0 bytes @ 0x1
   141  0071                     	ds	1
   142                           
   143                           	psect	maintext
   144  07E1                     __pmaintext:	
   145 ;;
   146 ;;Main: autosize = 0, tempsize = 1, incstack = 0, save=0
   147 ;;
   148 ;; *************** function _main *****************
   149 ;; Defined at:
   150 ;;		line 13 in file "main.c"
   151 ;; Parameters:    Size  Location     Type
   152 ;;		None
   153 ;; Auto vars:     Size  Location     Type
   154 ;;		None
   155 ;; Return value:  Size  Location     Type
   156 ;;		None               void
   157 ;; Registers used:
   158 ;;		wreg, status,2, status,0, pclath, cstack
   159 ;; Tracked objects:
   160 ;;		On entry : B00/0
   161 ;;		On exit  : 0/0
   162 ;;		Unchanged: 0/0
   163 ;; Data sizes:     COMMON   BANK0   BANK1   BANK3   BANK2
   164 ;;      Params:         0       0       0       0       0
   165 ;;      Locals:         0       0       0       0       0
   166 ;;      Temps:          1       0       0       0       0
   167 ;;      Totals:         1       0       0       0       0
   168 ;;Total ram usage:        1 bytes
   169 ;; Hardware stack levels required when called:    1
   170 ;; This function calls:
   171 ;;		_inilizeCounter
   172 ;;		_inilizeTransmit
   173 ;;		_transmit
   174 ;; This function is called by:
   175 ;;		Startup code after reset
   176 ;; This function uses a non-reentrant model
   177 ;;
   178                           
   179                           
   180                           ;psect for function _main
   181  07E1                     _main:	
   182                           
   183                           ;main.c: 14: TRISC0=1;
   184                           
   185                           ;incstack = 0
   186                           ; Regs used in _main: [wreg+status,2+status,0+pclath+cstack]
   187  07E1  1683               	bsf	3,5	;RP0=1, select bank1
   188  07E2  1303               	bcf	3,6	;RP1=0, select bank1
   189  07E3  1407               	bsf	7,0	;volatile
   190                           
   191                           ;main.c: 15: TRISC1=1;
   192  07E4  1487               	bsf	7,1	;volatile
   193                           
   194                           ;main.c: 16: inilizeCounter ();
   195  07E5  120A  118A  27C1  120A  118A  	fcall	_inilizeCounter
   196                           
   197                           ;main.c: 17: inilizeTransmit();
   198  07EA  120A  118A  27D2  120A  118A  	fcall	_inilizeTransmit
   199  07EF                     l68:	
   200                           ;main.c: 19: while (1)
   201                           
   202                           
   203                           ;main.c: 20: {
   204                           ;main.c: 21: count = TMR1L ;
   205  07EF  1283               	bcf	3,5	;RP0=0, select bank0
   206  07F0  1303               	bcf	3,6	;RP1=0, select bank0
   207  07F1  080E               	movf	14,w	;volatile
   208  07F2  00F1               	movwf	??_main
   209  07F3  0871               	movf	??_main,w
   210  07F4  00F2               	movwf	_count
   211                           
   212                           ;main.c: 22: transmit(count);
   213  07F5  0872               	movf	_count,w
   214  07F6  120A  118A  27C9  120A  118A  	fcall	_transmit
   215  07FB  2FEF               	goto	l68
   216  07FC                     __end_of_main:	
   217                           ;main.c: 25: }
   218                           ;main.c: 29: return;
   219                           
   220                           
   221                           	psect	text1
   222  07C9                     __ptext1:	
   223 ;; *************** function _transmit *****************
   224 ;; Defined at:
   225 ;;		line 58 in file "header.h"
   226 ;; Parameters:    Size  Location     Type
   227 ;;  value           1    wreg     unsigned char 
   228 ;; Auto vars:     Size  Location     Type
   229 ;;  value           1    0[COMMON] unsigned char 
   230 ;; Return value:  Size  Location     Type
   231 ;;		None               void
   232 ;; Registers used:
   233 ;;		wreg
   234 ;; Tracked objects:
   235 ;;		On entry : 0/0
   236 ;;		On exit  : 0/0
   237 ;;		Unchanged: 0/0
   238 ;; Data sizes:     COMMON   BANK0   BANK1   BANK3   BANK2
   239 ;;      Params:         0       0       0       0       0
   240 ;;      Locals:         1       0       0       0       0
   241 ;;      Temps:          0       0       0       0       0
   242 ;;      Totals:         1       0       0       0       0
   243 ;;Total ram usage:        1 bytes
   244 ;; Hardware stack levels used:    1
   245 ;; This function calls:
   246 ;;		Nothing
   247 ;; This function is called by:
   248 ;;		_main
   249 ;; This function uses a non-reentrant model
   250 ;;
   251                           
   252                           
   253                           ;psect for function _transmit
   254  07C9                     _transmit:	
   255                           
   256                           ;incstack = 0
   257                           ; Regs used in _transmit: [wreg]
   258                           ;transmit@value stored from wreg
   259  07C9  00F0               	movwf	transmit@value
   260  07CA                     l54:	
   261                           ;header.h: 60: while (TXIF==0);
   262                           
   263  07CA  1283               	bcf	3,5	;RP0=0, select bank0
   264  07CB  1303               	bcf	3,6	;RP1=0, select bank0
   265  07CC  1E0C               	btfss	12,4	;volatile
   266  07CD  2FCA               	goto	l54
   267                           
   268                           ;header.h: 61: TXIF=0;
   269  07CE  120C               	bcf	12,4	;volatile
   270                           
   271                           ;header.h: 62: TXREG = value ;
   272  07CF  0870               	movf	transmit@value,w
   273  07D0  0099               	movwf	25	;volatile
   274  07D1  0008               	return
   275  07D2                     __end_of_transmit:	
   276                           
   277                           	psect	text2
   278  07D2                     __ptext2:	
   279 ;; *************** function _inilizeTransmit *****************
   280 ;; Defined at:
   281 ;;		line 38 in file "header.h"
   282 ;; Parameters:    Size  Location     Type
   283 ;;		None
   284 ;; Auto vars:     Size  Location     Type
   285 ;;		None
   286 ;; Return value:  Size  Location     Type
   287 ;;		None               void
   288 ;; Registers used:
   289 ;;		wreg
   290 ;; Tracked objects:
   291 ;;		On entry : 0/0
   292 ;;		On exit  : 0/0
   293 ;;		Unchanged: 0/0
   294 ;; Data sizes:     COMMON   BANK0   BANK1   BANK3   BANK2
   295 ;;      Params:         0       0       0       0       0
   296 ;;      Locals:         0       0       0       0       0
   297 ;;      Temps:          0       0       0       0       0
   298 ;;      Totals:         0       0       0       0       0
   299 ;;Total ram usage:        0 bytes
   300 ;; Hardware stack levels used:    1
   301 ;; This function calls:
   302 ;;		Nothing
   303 ;; This function is called by:
   304 ;;		_main
   305 ;; This function uses a non-reentrant model
   306 ;;
   307                           
   308                           
   309                           ;psect for function _inilizeTransmit
   310  07D2                     _inilizeTransmit:	
   311                           
   312                           ;header.h: 40: TRISC6=0;
   313                           
   314                           ;incstack = 0
   315                           ; Regs used in _inilizeTransmit: [wreg]
   316  07D2  1683               	bsf	3,5	;RP0=1, select bank1
   317  07D3  1303               	bcf	3,6	;RP1=0, select bank1
   318  07D4  1307               	bcf	7,6	;volatile
   319                           
   320                           ;header.h: 41: SPEN = 1;
   321  07D5  1283               	bcf	3,5	;RP0=0, select bank0
   322  07D6  1303               	bcf	3,6	;RP1=0, select bank0
   323  07D7  1798               	bsf	24,7	;volatile
   324                           
   325                           ;header.h: 42: TXEN =1;
   326  07D8  1683               	bsf	3,5	;RP0=1, select bank1
   327  07D9  1303               	bcf	3,6	;RP1=0, select bank1
   328  07DA  1698               	bsf	24,5	;volatile
   329                           
   330                           ;header.h: 43: SYNC =0;
   331  07DB  1218               	bcf	24,4	;volatile
   332                           
   333                           ;header.h: 44: TX9 = 0;
   334  07DC  1318               	bcf	24,6	;volatile
   335                           
   336                           ;header.h: 45: BRGH =1;
   337  07DD  1518               	bsf	24,2	;volatile
   338                           
   339                           ;header.h: 46: SPBRG = 207;
   340  07DE  30CF               	movlw	207
   341  07DF  0099               	movwf	25	;volatile
   342  07E0  0008               	return
   343  07E1                     __end_of_inilizeTransmit:	
   344                           
   345                           	psect	text3
   346  07C1                     __ptext3:	
   347 ;; *************** function _inilizeCounter *****************
   348 ;; Defined at:
   349 ;;		line 30 in file "header.h"
   350 ;; Parameters:    Size  Location     Type
   351 ;;		None
   352 ;; Auto vars:     Size  Location     Type
   353 ;;		None
   354 ;; Return value:  Size  Location     Type
   355 ;;		None               void
   356 ;; Registers used:
   357 ;;		status,2
   358 ;; Tracked objects:
   359 ;;		On entry : 0/0
   360 ;;		On exit  : 0/0
   361 ;;		Unchanged: 0/0
   362 ;; Data sizes:     COMMON   BANK0   BANK1   BANK3   BANK2
   363 ;;      Params:         0       0       0       0       0
   364 ;;      Locals:         0       0       0       0       0
   365 ;;      Temps:          0       0       0       0       0
   366 ;;      Totals:         0       0       0       0       0
   367 ;;Total ram usage:        0 bytes
   368 ;; Hardware stack levels used:    1
   369 ;; This function calls:
   370 ;;		Nothing
   371 ;; This function is called by:
   372 ;;		_main
   373 ;; This function uses a non-reentrant model
   374 ;;
   375                           
   376                           
   377                           ;psect for function _inilizeCounter
   378  07C1                     _inilizeCounter:	
   379                           
   380                           ;header.h: 32: TMR1ON =1 ;
   381                           
   382                           ;incstack = 0
   383                           ; Regs used in _inilizeCounter: [status,2]
   384  07C1  1283               	bcf	3,5	;RP0=0, select bank0
   385  07C2  1303               	bcf	3,6	;RP1=0, select bank0
   386  07C3  1410               	bsf	16,0	;volatile
   387                           
   388                           ;header.h: 33: T1OSCEN = 0;
   389  07C4  1190               	bcf	16,3	;volatile
   390                           
   391                           ;header.h: 34: TMR1CS =1 ;
   392  07C5  1490               	bsf	16,1	;volatile
   393                           
   394                           ;header.h: 35: TMR1 =0;
   395  07C6  018E               	clrf	14	;volatile
   396  07C7  018F               	clrf	15	;volatile
   397  07C8  0008               	return
   398  07C9                     __end_of_inilizeCounter:	
   399  007E                     btemp	set	126	;btemp
   400  007E                     wtemp	set	126
   401  007E                     wtemp0	set	126
   402  0080                     wtemp1	set	128
   403  0082                     wtemp2	set	130
   404  0084                     wtemp3	set	132
   405  0086                     wtemp4	set	134
   406  0088                     wtemp5	set	136
   407  007F                     wtemp6	set	127
   408  007E                     ttemp	set	126
   409  007E                     ttemp0	set	126
   410  0081                     ttemp1	set	129
   411  0084                     ttemp2	set	132
   412  0087                     ttemp3	set	135
   413  007F                     ttemp4	set	127
   414  007E                     ltemp	set	126
   415  007E                     ltemp0	set	126
   416  0082                     ltemp1	set	130
   417  0086                     ltemp2	set	134
   418  0080                     ltemp3	set	128


Data Sizes:
    Strings     0
    Constant    0
    Data        0
    BSS         0
    Persistent  1
    Stack       0

Auto Spaces:
    Space          Size  Autos    Used
    COMMON           14      2       3
    BANK0            80      0       0
    BANK1            80      0       0
    BANK3            96      0       0
    BANK2            96      0       0

Pointer List with Targets:

    None.

Critical Paths under _main in COMMON

    _main->_transmit

Critical Paths under _main in BANK0

    None.

Critical Paths under _main in BANK1

    None.

Critical Paths under _main in BANK3

    None.

Critical Paths under _main in BANK2

    None.

Call Graph Tables:

 ---------------------------------------------------------------------------------
 (Depth) Function   	        Calls       Base Space   Used Autos Params    Refs
 ---------------------------------------------------------------------------------
 (0) _main                                                 1     1      0      15
                                              1 COMMON     1     1      0
                     _inilizeCounter
                    _inilizeTransmit
                           _transmit
 ---------------------------------------------------------------------------------
 (1) _transmit                                             1     1      0      15
                                              0 COMMON     1     1      0
 ---------------------------------------------------------------------------------
 (1) _inilizeTransmit                                      0     0      0       0
 ---------------------------------------------------------------------------------
 (1) _inilizeCounter                                       0     0      0       0
 ---------------------------------------------------------------------------------
 Estimated maximum stack depth 1
 ---------------------------------------------------------------------------------

 Call Graph Graphs:

 _main (ROOT)
   _inilizeCounter
   _inilizeTransmit
   _transmit

 Address spaces:
Name               Size   Autos  Total    Cost      Usage
BITCOMMON            E      0       0       0        0.0%
EEDATA             100      0       0       0        0.0%
NULL                 0      0       0       0        0.0%
CODE                 0      0       0       0        0.0%
COMMON               E      2       3       1       21.4%
BITSFR0              0      0       0       1        0.0%
SFR0                 0      0       0       1        0.0%
BITSFR1              0      0       0       2        0.0%
SFR1                 0      0       0       2        0.0%
STACK                0      0       0       2        0.0%
ABS                  0      0       3       3        0.0%
BITBANK0            50      0       0       4        0.0%
BITSFR3              0      0       0       4        0.0%
SFR3                 0      0       0       4        0.0%
BANK0               50      0       0       5        0.0%
BITSFR2              0      0       0       5        0.0%
SFR2                 0      0       0       5        0.0%
BITBANK1            50      0       0       6        0.0%
BANK1               50      0       0       7        0.0%
BITBANK3            60      0       0       8        0.0%
BANK3               60      0       0       9        0.0%
BITBANK2            60      0       0      10        0.0%
BANK2               60      0       0      11        0.0%
DATA                 0      0       3      12        0.0%


Microchip Technology PIC Macro Assembler V1.35 build -356382666 
Symbol Table                                                                                   Tue Feb 14 13:33:14 2017

             __CFG_CP$OFF 0000                        l54 07CA                        l68 07EF  
            __CFG_CPD$OFF 0000                       _RX9 00C6                       _TX9 04C6  
            __CFG_FOSC$XT 0000              __CFG_LVP$OFF 0000                      _BRGH 04C2  
                    _CREN 00C4                      _RCIF 0065                      _TMR1 000E  
                    _SPEN 00C7                      _TXEN 04C5                      _TXIF 0064  
                    _SYNC 04C4              __CFG_WRT$OFF 0000                      _main 07E1  
                    btemp 007E             __CFG_BOREN$ON 0000                      ltemp 007E  
                    start 0000                      ttemp 007E                      wtemp 007E  
                   ?_main 0070             __CFG_WDTE$OFF 0000                     _RCREG 001A  
                   _TMR1L 000E                     _SPBRG 0099                     _TXREG 0019  
                   _count 0072                     ltemp0 007E                     ltemp1 0082  
                   ltemp2 0086                     ltemp3 0080                     ttemp0 007E  
                   ttemp1 0081                     ttemp2 0084                     ttemp3 0087  
                   ttemp4 007F                     status 0003                     wtemp0 007E  
                   wtemp1 0080                     wtemp2 0082                     wtemp3 0084  
                   wtemp4 0086                     wtemp5 0088                     wtemp6 007F  
         __initialization 07FC              __end_of_main 07FC                    ??_main 0071  
                  _TMR1CS 0081                    _TMR1ON 0080                    _TRISC0 0438  
                  _TRISC1 0439                    _TRISC6 043E                    _TRISC7 043F  
          __CFG_PWRTE$OFF 0000           _inilizeTransmit 07D2          __end_of_transmit 07D2  
 __end_of__initialization 07FC            __pcstackCOMMON 0070                __pnvCOMMON 0072  
 __end_of_inilizeTransmit 07E1                __pmaintext 07E1                   _T1OSCEN 0083  
 __size_of_inilizeCounter 0008                 ?_transmit 0070                   __ptext1 07C9  
                 __ptext2 07D2                   __ptext3 07C1      end_of_initialization 07FC  
           transmit@value 0070          ?_inilizeTransmit 0070                ??_transmit 0070  
     start_initialization 07FC            _inilizeCounter 07C1                 ___latbits 0002  
  __end_of_inilizeCounter 07C9         __size_of_transmit 0009           ?_inilizeCounter 0070  
__size_of_inilizeTransmit 000F             __size_of_main 001B                  _transmit 07C9  
       ??_inilizeTransmit 0070          ??_inilizeCounter 0070  
